  castle.cpp
C:\Users\lee\Documents\GitHub\winter\GameJam WINTER\oak.h(8,20): warning C4305: 'initializing': truncation from 'double' to 'float'
  (compiling source file 'castle.cpp')
  
C:\Users\lee\Documents\GitHub\winter\GameJam WINTER\castle.cpp(13,32): warning C4244: 'argument': conversion from 'float' to 'int', possible loss of data
C:\Users\lee\Documents\GitHub\winter\GameJam WINTER\castle.cpp(13,25): warning C4244: 'argument': conversion from 'float' to 'int', possible loss of data
C:\Users\lee\Documents\GitHub\winter\GameJam WINTER\castle.cpp(13,22): warning C4244: 'argument': conversion from 'float' to 'int', possible loss of data
C:\Users\lee\Documents\GitHub\winter\GameJam WINTER\castle.cpp(13,19): warning C4244: 'argument': conversion from 'float' to 'int', possible loss of data
C:\Users\lee\Documents\GitHub\winter\GameJam WINTER\castle.cpp(14,52): warning C4244: 'argument': conversion from 'float' to 'int', possible loss of data
C:\Users\lee\Documents\GitHub\winter\GameJam WINTER\castle.cpp(14,47): warning C4244: 'argument': conversion from 'float' to 'int', possible loss of data
  main.cpp
C:\Users\lee\Documents\GitHub\winter\GameJam WINTER\Oak.h(8,20): warning C4305: 'initializing': truncation from 'double' to 'float'
  (compiling source file 'main.cpp')
  
C:\Users\lee\Documents\GitHub\winter\GameJam WINTER\witch.h(24,22): warning C4305: 'initializing': truncation from 'double' to 'float'
  (compiling source file 'main.cpp')
  
C:\Users\lee\Documents\GitHub\winter\GameJam WINTER\main.cpp(60,51): warning C4244: '=': conversion from 'int' to 'float', possible loss of data
C:\Users\lee\Documents\GitHub\winter\GameJam WINTER\main.cpp(66,54): warning C4244: '=': conversion from 'int' to 'float', possible loss of data
C:\Users\lee\Documents\GitHub\winter\GameJam WINTER\main.cpp(74,48): warning C4244: '=': conversion from 'int' to 'float', possible loss of data
C:\Users\lee\Documents\GitHub\winter\GameJam WINTER\main.cpp(82,52): warning C4244: '=': conversion from 'int' to 'float', possible loss of data
C:\Users\lee\Documents\GitHub\winter\GameJam WINTER\main.cpp(84,52): warning C4244: '=': conversion from 'int' to 'float', possible loss of data
  player.cpp
C:\Users\lee\Documents\GitHub\winter\GameJam WINTER\Oak.h(8,20): warning C4305: 'initializing': truncation from 'double' to 'float'
  (compiling source file 'player.cpp')
  
C:\Users\lee\Documents\GitHub\winter\GameJam WINTER\player.cpp(25,16): warning C4244: 'initializing': conversion from 'double' to 'float', possible loss of data
C:\Users\lee\Documents\GitHub\winter\GameJam WINTER\player.cpp(54,71): warning C4244: 'argument': conversion from 'float' to 'int', possible loss of data
C:\Users\lee\Documents\GitHub\winter\GameJam WINTER\player.cpp(54,44): warning C4244: 'argument': conversion from 'float' to 'int', possible loss of data
C:\Users\lee\Documents\GitHub\winter\GameJam WINTER\player.cpp(103,120): warning C4244: 'argument': conversion from 'float' to 'int', possible loss of data
C:\Users\lee\Documents\GitHub\winter\GameJam WINTER\player.cpp(103,107): warning C4244: 'argument': conversion from 'float' to 'int', possible loss of data
C:\Users\lee\Documents\GitHub\winter\GameJam WINTER\player.cpp(103,96): warning C4244: 'argument': conversion from 'float' to 'int', possible loss of data
C:\Users\lee\Documents\GitHub\winter\GameJam WINTER\player.cpp(103,50): warning C4244: 'argument': conversion from 'float' to 'int', possible loss of data
C:\Users\lee\Documents\GitHub\winter\GameJam WINTER\player.cpp(134,21): warning C4244: 'initializing': conversion from 'double' to 'float', possible loss of data
C:\Users\lee\Documents\GitHub\winter\GameJam WINTER\player.cpp(153,23): warning C4244: '+=': conversion from 'float' to 'int', possible loss of data
  Generating Code...
  GameJam WINTER.vcxproj -> C:\Users\lee\Documents\GitHub\winter\x64\Debug\GameJam WINTER.exe
